Using pre-set license

 COMMAND LINE ARGUMENTS:
/Applications/Unity/Unity.app/Contents/MacOS/Unity
-adb2
-batchMode
-noUpm
-name
AssetImportWorker0
-projectPath
/Users/macbook/Game Cave Spider
-logFile
Logs/AssetImportWorker0.log
-srvPort
63630
Successfully changed project path to: /Users/macbook/Game Cave Spider
/Users/macbook/Game Cave Spider
Using Asset Import Pipeline V2.
Refreshing native plugins compatible for Editor in 40.03 ms, found 2 plugins.
Preloading 0 native plugins for Editor in 0.00 ms.
Initialize engine version: 2020.3.4f1 (0abb6314276a)
[Subsystems] Discovering subsystems at path /Applications/Unity/Unity.app/Contents/Resources/UnitySubsystems
[Subsystems] Discovering subsystems at path /Users/macbook/Game Cave Spider/Assets
GfxDevice: creating device client; threaded=0
2021-06-10 08:23:27.318 Unity[17049:768003] Color LCD preferred device: AMD Radeon Pro 555X (high power)
2021-06-10 08:23:27.318 Unity[17049:768003] Metal devices available: 2
2021-06-10 08:23:27.318 Unity[17049:768003] 0: AMD Radeon Pro 555X (high power)
2021-06-10 08:23:27.318 Unity[17049:768003] 1: Intel(R) UHD Graphics 630 (low power)
2021-06-10 08:23:27.318 Unity[17049:768003] Using device AMD Radeon Pro 555X (high power)
Initializing Metal device caps: AMD Radeon Pro 555X
Initialize mono
Mono path[0] = '/Applications/Unity/Unity.app/Contents/Managed'
Mono path[1] = '/Applications/Unity/Unity.app/Contents/MonoBleedingEdge/lib/mono/unityjit'
Mono config path = '/Applications/Unity/Unity.app/Contents/MonoBleedingEdge/etc'
Using monoOptions --debugger-agent=transport=dt_socket,embedding=1,server=y,suspend=n,address=127.0.0.1:56049
Begin MonoManager ReloadAssembly
Registering precompiled unity dll's ...
Register platform support module: /Applications/Unity/Unity.app/Contents/PlaybackEngines/MacStandaloneSupport/UnityEditor.OSXStandalone.Extensions.dll
Registered in 0.000535 seconds.
Native extension for OSXStandalone target not found
Refreshing native plugins compatible for Editor in 40.09 ms, found 2 plugins.
Preloading 0 native plugins for Editor in 0.00 ms.
Mono: successfully reloaded assembly
- Completed reload, in  2.344 seconds
Platform modules already initialized, skipping
Registering precompiled user dll's ...
Registered in 0.000704 seconds.
Begin MonoManager ReloadAssembly
Native extension for OSXStandalone target not found
Refreshing native plugins compatible for Editor in 36.26 ms, found 2 plugins.
Preloading 0 native plugins for Editor in 0.00 ms.
Mono: successfully reloaded assembly
- Completed reload, in  1.031 seconds
Platform modules already initialized, skipping
========================================================================
Worker process is ready to serve import requests
Launching external process: /Applications/Unity/Unity.app/Contents/Tools/UnityShaderCompiler
Launched and connected shader compiler UnityShaderCompiler after 0.01 seconds
Refreshing native plugins compatible for Editor in 0.37 ms, found 2 plugins.
Preloading 0 native plugins for Editor in 0.00 ms.
Unloading 1830 Unused Serialized files (Serialized files now loaded: 0)
System memory in use before: 144.4 MB.
System memory in use after: 144.4 MB.

Unloading 24 unused Assets to reduce memory usage. Loaded Objects now: 2278.
Total: 2.366095 ms (FindLiveObjects: 0.230891 ms CreateObjectMapping: 0.097536 ms MarkObjects: 1.900174 ms  DeleteObjects: 0.135822 ms)

========================================================================
Received Import Request.
  path: Assets/Sprite/d97lqpn-e98e3649-d609-4033-83dc-13d5439a869c.png
  artifactKey: Guid(70cf11c47595b4cd08c7ccf15e8448c6) Importer(815301076,1909f56bfc062723c751e8b465ee728b)
Start importing Assets/Sprite/d97lqpn-e98e3649-d609-4033-83dc-13d5439a869c.png using Guid(70cf11c47595b4cd08c7ccf15e8448c6) Importer(815301076,1909f56bfc062723c751e8b465ee728b)  -> (artifact id: '28f4cef5ff116956066fb7cf95aad0ba') in 1.415299 seconds
  Import took 1.420288 seconds .

========================================================================
Received Import Request.
  Time since last request: 0.003373 seconds.
  path: Assets/Sprite/d97lqpn-e98e3649-d609-4033-83dc-13d5439a869c.png
  artifactKey: Guid(70cf11c47595b4cd08c7ccf15e8448c6) Importer(815301076,1909f56bfc062723c751e8b465ee728b)
Start importing Assets/Sprite/d97lqpn-e98e3649-d609-4033-83dc-13d5439a869c.png using Guid(70cf11c47595b4cd08c7ccf15e8448c6) Importer(815301076,1909f56bfc062723c751e8b465ee728b)  -> (artifact id: '28f4cef5ff116956066fb7cf95aad0ba') in 0.012102 seconds
  Import took 0.017004 seconds .

========================================================================
Received Import Request.
  Time since last request: 8.941188 seconds.
  path: Assets/Sprite/d97lqpn-e98e3649-d609-4033-83dc-13d5439a869c.png
  artifactKey: Guid(70cf11c47595b4cd08c7ccf15e8448c6) Importer(815301076,1909f56bfc062723c751e8b465ee728b)
Start importing Assets/Sprite/d97lqpn-e98e3649-d609-4033-83dc-13d5439a869c.png using Guid(70cf11c47595b4cd08c7ccf15e8448c6) Importer(815301076,1909f56bfc062723c751e8b465ee728b)  -> (artifact id: '2aee2279d4b9e66de026d1cae00c890b') in 0.006881 seconds
  Import took 0.011920 seconds .

========================================================================
Received Import Request.
  Time since last request: 0.011851 seconds.
  path: Assets/Sprite/d97lqpn-e98e3649-d609-4033-83dc-13d5439a869c.png
  artifactKey: Guid(70cf11c47595b4cd08c7ccf15e8448c6) Importer(815301076,1909f56bfc062723c751e8b465ee728b)
Start importing Assets/Sprite/d97lqpn-e98e3649-d609-4033-83dc-13d5439a869c.png using Guid(70cf11c47595b4cd08c7ccf15e8448c6) Importer(815301076,1909f56bfc062723c751e8b465ee728b)  -> (artifact id: '2aee2279d4b9e66de026d1cae00c890b') in 0.014155 seconds
  Import took 0.018042 seconds .

========================================================================
Received Import Request.
  Time since last request: 8.110807 seconds.
  path: Assets/Sprite/d97lqpn-e98e3649-d609-4033-83dc-13d5439a869c.png
  artifactKey: Guid(70cf11c47595b4cd08c7ccf15e8448c6) Importer(815301076,1909f56bfc062723c751e8b465ee728b)
Start importing Assets/Sprite/d97lqpn-e98e3649-d609-4033-83dc-13d5439a869c.png using Guid(70cf11c47595b4cd08c7ccf15e8448c6) Importer(815301076,1909f56bfc062723c751e8b465ee728b)  -> (artifact id: '9e5a67c08a3765c9fdbf30c85a540aa4') in 0.019655 seconds
  Import took 0.022992 seconds .

========================================================================
Received Import Request.
  Time since last request: 16.953088 seconds.
  path: Assets/Sprite/d97lqpn-e98e3649-d609-4033-83dc-13d5439a869c.png
  artifactKey: Guid(70cf11c47595b4cd08c7ccf15e8448c6) Importer(815301076,1909f56bfc062723c751e8b465ee728b)
Start importing Assets/Sprite/d97lqpn-e98e3649-d609-4033-83dc-13d5439a869c.png using Guid(70cf11c47595b4cd08c7ccf15e8448c6) Importer(815301076,1909f56bfc062723c751e8b465ee728b)  -> (artifact id: 'a1cd86ae9d40b7529111de201c3fdb99') in 0.032606 seconds
  Import took 0.037373 seconds .

========================================================================
Received Import Request.
  Time since last request: 137.641140 seconds.
  path: Assets/Scripts/Spider Scripts/FaceToPlayer.cs
  artifactKey: Guid(04ed4f7e7312443c0a8ff5f3d6fb85f4) Importer(815301076,1909f56bfc062723c751e8b465ee728b)
Start importing Assets/Scripts/Spider Scripts/FaceToPlayer.cs using Guid(04ed4f7e7312443c0a8ff5f3d6fb85f4) Importer(815301076,1909f56bfc062723c751e8b465ee728b)  -> (artifact id: 'cf8f9f680c3bcc1c963197c4f1ef0857') in 0.328826 seconds
  Import took 0.332458 seconds .

========================================================================
Received Prepare
Registering precompiled user dll's ...
Registered in 0.000678 seconds.
Begin MonoManager ReloadAssembly
Native extension for OSXStandalone target not found
Refreshing native plugins compatible for Editor in 0.40 ms, found 2 plugins.
Preloading 0 native plugins for Editor in 0.00 ms.
Mono: successfully reloaded assembly
- Completed reload, in  1.037 seconds
Platform modules already initialized, skipping
Refreshing native plugins compatible for Editor in 0.36 ms, found 2 plugins.
Preloading 0 native plugins for Editor in 0.00 ms.
Unloading 1826 Unused Serialized files (Serialized files now loaded: 0)
System memory in use before: 156.5 MB.
System memory in use after: 156.5 MB.

Unloading 12 unused Assets to reduce memory usage. Loaded Objects now: 2291.
Total: 3.245105 ms (FindLiveObjects: 0.492462 ms CreateObjectMapping: 0.107949 ms MarkObjects: 2.527540 ms  DeleteObjects: 0.104713 ms)

========================================================================
Received Prepare
Registering precompiled user dll's ...
Registered in 0.000531 seconds.
Begin MonoManager ReloadAssembly
Native extension for OSXStandalone target not found
Refreshing native plugins compatible for Editor in 0.34 ms, found 2 plugins.
Preloading 0 native plugins for Editor in 0.00 ms.
Mono: successfully reloaded assembly
- Completed reload, in  0.928 seconds
Platform modules already initialized, skipping
Refreshing native plugins compatible for Editor in 0.37 ms, found 2 plugins.
Preloading 0 native plugins for Editor in 0.00 ms.
Unloading 1826 Unused Serialized files (Serialized files now loaded: 0)
System memory in use before: 156.7 MB.
System memory in use after: 156.7 MB.

Unloading 12 unused Assets to reduce memory usage. Loaded Objects now: 2295.
Total: 2.039657 ms (FindLiveObjects: 0.196733 ms CreateObjectMapping: 0.055651 ms MarkObjects: 1.693414 ms  DeleteObjects: 0.092861 ms)

========================================================================
Received Import Request.
  Time since last request: 403.560824 seconds.
  path: Assets/Scripts/Spider Scripts/FaceToPlayer.cs
  artifactKey: Guid(04ed4f7e7312443c0a8ff5f3d6fb85f4) Importer(815301076,1909f56bfc062723c751e8b465ee728b)
Start importing Assets/Scripts/Spider Scripts/FaceToPlayer.cs using Guid(04ed4f7e7312443c0a8ff5f3d6fb85f4) Importer(815301076,1909f56bfc062723c751e8b465ee728b)  -> (artifact id: 'd0836c3518a100dd5b9fc2bc18892123') in 0.004284 seconds
  Import took 0.007321 seconds .

========================================================================
Received Prepare
Registering precompiled user dll's ...
Registered in 0.001536 seconds.
Begin MonoManager ReloadAssembly
Native extension for OSXStandalone target not found
Refreshing native plugins compatible for Editor in 0.72 ms, found 2 plugins.
Preloading 0 native plugins for Editor in 0.00 ms.
Mono: successfully reloaded assembly
- Completed reload, in  2.192 seconds
Platform modules already initialized, skipping
Refreshing native plugins compatible for Editor in 0.65 ms, found 2 plugins.
Preloading 0 native plugins for Editor in 0.00 ms.
Unloading 1826 Unused Serialized files (Serialized files now loaded: 0)
System memory in use before: 156.9 MB.
System memory in use after: 156.9 MB.

Unloading 12 unused Assets to reduce memory usage. Loaded Objects now: 2299.
Total: 4.652632 ms (FindLiveObjects: 0.454069 ms CreateObjectMapping: 0.219864 ms MarkObjects: 3.789676 ms  DeleteObjects: 0.186767 ms)

========================================================================
Received Import Request.
  Time since last request: 117.984205 seconds.
  path: Assets/Scripts/Spider Scripts/HeadShoot.cs
  artifactKey: Guid(03eebc264375c453f89347c0f668c289) Importer(815301076,1909f56bfc062723c751e8b465ee728b)
Start importing Assets/Scripts/Spider Scripts/HeadShoot.cs using Guid(03eebc264375c453f89347c0f668c289) Importer(815301076,1909f56bfc062723c751e8b465ee728b)  -> (artifact id: '86ce98b99d4f1e95a9e4727cf0014c4f') in 0.011562 seconds
  Import took 0.018993 seconds .

========================================================================
Received Prepare
Registering precompiled user dll's ...
Registered in 0.001379 seconds.
Begin MonoManager ReloadAssembly
Native extension for OSXStandalone target not found
Refreshing native plugins compatible for Editor in 1.04 ms, found 2 plugins.
Preloading 0 native plugins for Editor in 0.00 ms.
Mono: successfully reloaded assembly
- Completed reload, in  3.500 seconds
Platform modules already initialized, skipping
Refreshing native plugins compatible for Editor in 1.39 ms, found 2 plugins.
Preloading 0 native plugins for Editor in 0.00 ms.
Unloading 1827 Unused Serialized files (Serialized files now loaded: 0)
System memory in use before: 157.1 MB.
System memory in use after: 157.1 MB.

Unloading 12 unused Assets to reduce memory usage. Loaded Objects now: 2304.
Total: 6.081720 ms (FindLiveObjects: 0.465903 ms CreateObjectMapping: 0.219010 ms MarkObjects: 5.125759 ms  DeleteObjects: 0.268173 ms)

========================================================================
Received Import Request.
  Time since last request: 906.920082 seconds.
  path: Assets/Scripts/Spider Scripts/HeadShoot.cs
  artifactKey: Guid(03eebc264375c453f89347c0f668c289) Importer(815301076,1909f56bfc062723c751e8b465ee728b)
Start importing Assets/Scripts/Spider Scripts/HeadShoot.cs using Guid(03eebc264375c453f89347c0f668c289) Importer(815301076,1909f56bfc062723c751e8b465ee728b)  -> (artifact id: 'eb0616fea6dfb47e020a7b8fb8cd7de8') in 0.036153 seconds
  Import took 0.081318 seconds .

========================================================================
Received Prepare
Registering precompiled user dll's ...
Registered in 0.001707 seconds.
Begin MonoManager ReloadAssembly
Native extension for OSXStandalone target not found
Refreshing native plugins compatible for Editor in 0.93 ms, found 2 plugins.
Preloading 0 native plugins for Editor in 0.00 ms.
Mono: successfully reloaded assembly
- Completed reload, in  4.619 seconds
Platform modules already initialized, skipping
Refreshing native plugins compatible for Editor in 0.90 ms, found 2 plugins.
Preloading 0 native plugins for Editor in 0.00 ms.
Unloading 1827 Unused Serialized files (Serialized files now loaded: 0)
System memory in use before: 157.3 MB.
System memory in use after: 157.3 MB.

Unloading 12 unused Assets to reduce memory usage. Loaded Objects now: 2308.
Total: 5.909116 ms (FindLiveObjects: 0.532848 ms CreateObjectMapping: 0.207686 ms MarkObjects: 4.892056 ms  DeleteObjects: 0.272897 ms)

========================================================================
Received Prepare
Registering precompiled user dll's ...
Registered in 0.000531 seconds.
Begin MonoManager ReloadAssembly
Native extension for OSXStandalone target not found
Refreshing native plugins compatible for Editor in 0.43 ms, found 2 plugins.
Preloading 0 native plugins for Editor in 0.00 ms.
Mono: successfully reloaded assembly
- Completed reload, in  1.015 seconds
Platform modules already initialized, skipping
Refreshing native plugins compatible for Editor in 0.36 ms, found 2 plugins.
Preloading 0 native plugins for Editor in 0.00 ms.
Unloading 1827 Unused Serialized files (Serialized files now loaded: 0)
System memory in use before: 157.5 MB.
System memory in use after: 157.5 MB.

Unloading 12 unused Assets to reduce memory usage. Loaded Objects now: 2312.
Total: 2.252180 ms (FindLiveObjects: 0.271234 ms CreateObjectMapping: 0.081211 ms MarkObjects: 1.795691 ms  DeleteObjects: 0.103035 ms)

========================================================================
Received Import Request.
  Time since last request: 417.656535 seconds.
  path: Assets/Prefabs/Spider Prefabs/Spider Shooter/Spider Bullet.prefab
  artifactKey: Guid(be6e60d7f7e4ca64ab1f49f9a7f5f5d2) Importer(815301076,1909f56bfc062723c751e8b465ee728b)
Start importing Assets/Prefabs/Spider Prefabs/Spider Shooter/Spider Bullet.prefab using Guid(be6e60d7f7e4ca64ab1f49f9a7f5f5d2) Importer(815301076,1909f56bfc062723c751e8b465ee728b)  -> (artifact id: '6c3d5ea4ea3cf8fc4d657e38687b9a22') in 1.439459 seconds
  Import took 1.443452 seconds .

========================================================================
Received Prepare
Registering precompiled user dll's ...
Registered in 0.001417 seconds.
Begin MonoManager ReloadAssembly
Native extension for OSXStandalone target not found
Refreshing native plugins compatible for Editor in 0.41 ms, found 2 plugins.
Preloading 0 native plugins for Editor in 0.00 ms.
Mono: successfully reloaded assembly
- Completed reload, in  1.044 seconds
Platform modules already initialized, skipping
Refreshing native plugins compatible for Editor in 0.36 ms, found 2 plugins.
Preloading 0 native plugins for Editor in 0.00 ms.
Unloading 1827 Unused Serialized files (Serialized files now loaded: 0)
System memory in use before: 162.1 MB.
System memory in use after: 162.1 MB.

Unloading 12 unused Assets to reduce memory usage. Loaded Objects now: 2321.
Total: 2.128117 ms (FindLiveObjects: 0.203718 ms CreateObjectMapping: 0.058376 ms MarkObjects: 1.761625 ms  DeleteObjects: 0.103522 ms)

========================================================================
Received Prepare
Registering precompiled user dll's ...
Registered in 0.000653 seconds.
Begin MonoManager ReloadAssembly
Native extension for OSXStandalone target not found
Refreshing native plugins compatible for Editor in 0.46 ms, found 2 plugins.
Preloading 0 native plugins for Editor in 0.00 ms.
Mono: successfully reloaded assembly
- Completed reload, in  1.028 seconds
Platform modules already initialized, skipping
Refreshing native plugins compatible for Editor in 0.37 ms, found 2 plugins.
Preloading 0 native plugins for Editor in 0.00 ms.
Unloading 1827 Unused Serialized files (Serialized files now loaded: 0)
System memory in use before: 162.3 MB.
System memory in use after: 162.3 MB.

Unloading 12 unused Assets to reduce memory usage. Loaded Objects now: 2325.
Total: 2.104413 ms (FindLiveObjects: 0.206737 ms CreateObjectMapping: 0.070179 ms MarkObjects: 1.722629 ms  DeleteObjects: 0.103703 ms)

========================================================================
Received Prepare
Registering precompiled user dll's ...
Registered in 0.000803 seconds.
Begin MonoManager ReloadAssembly
Native extension for OSXStandalone target not found
Refreshing native plugins compatible for Editor in 0.51 ms, found 2 plugins.
Preloading 0 native plugins for Editor in 0.00 ms.
Mono: successfully reloaded assembly
- Completed reload, in  0.953 seconds
Platform modules already initialized, skipping
Refreshing native plugins compatible for Editor in 0.36 ms, found 2 plugins.
Preloading 0 native plugins for Editor in 0.00 ms.
Unloading 1827 Unused Serialized files (Serialized files now loaded: 0)
System memory in use before: 162.5 MB.
System memory in use after: 162.5 MB.

Unloading 12 unused Assets to reduce memory usage. Loaded Objects now: 2329.
Total: 2.065922 ms (FindLiveObjects: 0.207609 ms CreateObjectMapping: 0.066616 ms MarkObjects: 1.688618 ms  DeleteObjects: 0.101930 ms)

========================================================================
Received Prepare
Registering precompiled user dll's ...
Registered in 0.000627 seconds.
Begin MonoManager ReloadAssembly
Native extension for OSXStandalone target not found
Refreshing native plugins compatible for Editor in 0.34 ms, found 2 plugins.
Preloading 0 native plugins for Editor in 0.00 ms.
Mono: successfully reloaded assembly
- Completed reload, in  0.893 seconds
Platform modules already initialized, skipping
Refreshing native plugins compatible for Editor in 0.33 ms, found 2 plugins.
Preloading 0 native plugins for Editor in 0.00 ms.
Unloading 1827 Unused Serialized files (Serialized files now loaded: 0)
System memory in use before: 162.7 MB.
System memory in use after: 162.7 MB.

Unloading 12 unused Assets to reduce memory usage. Loaded Objects now: 2333.
Total: 2.082564 ms (FindLiveObjects: 0.268697 ms CreateObjectMapping: 0.064393 ms MarkObjects: 1.652517 ms  DeleteObjects: 0.095877 ms)

========================================================================
Received Prepare
Registering precompiled user dll's ...
Registered in 0.000571 seconds.
Begin MonoManager ReloadAssembly
Native extension for OSXStandalone target not found
Refreshing native plugins compatible for Editor in 0.42 ms, found 2 plugins.
Preloading 0 native plugins for Editor in 0.00 ms.
Mono: successfully reloaded assembly
- Completed reload, in  1.038 seconds
Platform modules already initialized, skipping
Refreshing native plugins compatible for Editor in 0.35 ms, found 2 plugins.
Preloading 0 native plugins for Editor in 0.00 ms.
Unloading 1827 Unused Serialized files (Serialized files now loaded: 0)
System memory in use before: 162.9 MB.
System memory in use after: 162.9 MB.

Unloading 12 unused Assets to reduce memory usage. Loaded Objects now: 2337.
Total: 2.533454 ms (FindLiveObjects: 0.225308 ms CreateObjectMapping: 0.072362 ms MarkObjects: 2.112223 ms  DeleteObjects: 0.122108 ms)

========================================================================
Received Prepare
Registering precompiled user dll's ...
Registered in 0.000757 seconds.
Begin MonoManager ReloadAssembly
Native extension for OSXStandalone target not found
Refreshing native plugins compatible for Editor in 0.35 ms, found 2 plugins.
Preloading 0 native plugins for Editor in 0.00 ms.
Mono: successfully reloaded assembly
- Completed reload, in  0.889 seconds
Platform modules already initialized, skipping
Refreshing native plugins compatible for Editor in 0.33 ms, found 2 plugins.
Preloading 0 native plugins for Editor in 0.00 ms.
Unloading 1827 Unused Serialized files (Serialized files now loaded: 0)
System memory in use before: 163.1 MB.
System memory in use after: 163.1 MB.

Unloading 12 unused Assets to reduce memory usage. Loaded Objects now: 2341.
Total: 1.937310 ms (FindLiveObjects: 0.232485 ms CreateObjectMapping: 0.047470 ms MarkObjects: 1.564352 ms  DeleteObjects: 0.092239 ms)

========================================================================
Received Prepare
Registering precompiled user dll's ...
Registered in 0.000541 seconds.
Begin MonoManager ReloadAssembly
Native extension for OSXStandalone target not found
Refreshing native plugins compatible for Editor in 0.36 ms, found 2 plugins.
Preloading 0 native plugins for Editor in 0.00 ms.
Mono: successfully reloaded assembly
- Completed reload, in  1.023 seconds
Platform modules already initialized, skipping
Refreshing native plugins compatible for Editor in 0.38 ms, found 2 plugins.
Preloading 0 native plugins for Editor in 0.00 ms.
Unloading 1827 Unused Serialized files (Serialized files now loaded: 0)
System memory in use before: 163.3 MB.
System memory in use after: 163.3 MB.

Unloading 12 unused Assets to reduce memory usage. Loaded Objects now: 2345.
Total: 2.496606 ms (FindLiveObjects: 0.251753 ms CreateObjectMapping: 0.072089 ms MarkObjects: 2.046592 ms  DeleteObjects: 0.125042 ms)

========================================================================
Received Prepare
Registering precompiled user dll's ...
Registered in 0.000750 seconds.
Begin MonoManager ReloadAssembly
Native extension for OSXStandalone target not found
Refreshing native plugins compatible for Editor in 0.40 ms, found 2 plugins.
Preloading 0 native plugins for Editor in 0.00 ms.
Mono: successfully reloaded assembly
- Completed reload, in  1.130 seconds
Platform modules already initialized, skipping
Refreshing native plugins compatible for Editor in 0.43 ms, found 2 plugins.
Preloading 0 native plugins for Editor in 0.00 ms.
Unloading 1827 Unused Serialized files (Serialized files now loaded: 0)
System memory in use before: 163.5 MB.
System memory in use after: 163.5 MB.

Unloading 12 unused Assets to reduce memory usage. Loaded Objects now: 2349.
Total: 2.264616 ms (FindLiveObjects: 0.227646 ms CreateObjectMapping: 0.071504 ms MarkObjects: 1.859104 ms  DeleteObjects: 0.105238 ms)

========================================================================
Received Import Request.
  Time since last request: 514.772681 seconds.
  path: Assets/Scripts/GameplayController.cs
  artifactKey: Guid(893939e5a1c0242d2b375711a7377b63) Importer(815301076,1909f56bfc062723c751e8b465ee728b)
Start importing Assets/Scripts/GameplayController.cs using Guid(893939e5a1c0242d2b375711a7377b63) Importer(815301076,1909f56bfc062723c751e8b465ee728b)  -> (artifact id: '3087223b21dc35a3dea96fb5865d3067') in 0.005250 seconds
  Import took 0.009548 seconds .

========================================================================
Received Prepare
Registering precompiled user dll's ...
Registered in 0.000627 seconds.
Begin MonoManager ReloadAssembly
Native extension for OSXStandalone target not found
Refreshing native plugins compatible for Editor in 0.40 ms, found 2 plugins.
Preloading 0 native plugins for Editor in 0.00 ms.
Mono: successfully reloaded assembly
- Completed reload, in  1.020 seconds
Platform modules already initialized, skipping
Refreshing native plugins compatible for Editor in 0.37 ms, found 2 plugins.
Preloading 0 native plugins for Editor in 0.00 ms.
Unloading 1827 Unused Serialized files (Serialized files now loaded: 0)
System memory in use before: 163.7 MB.
System memory in use after: 163.7 MB.

Unloading 12 unused Assets to reduce memory usage. Loaded Objects now: 2353.
Total: 2.195594 ms (FindLiveObjects: 0.222258 ms CreateObjectMapping: 0.068440 ms MarkObjects: 1.800070 ms  DeleteObjects: 0.103751 ms)

========================================================================
Received Prepare
Registering precompiled user dll's ...
Registered in 0.000398 seconds.
Begin MonoManager ReloadAssembly
Native extension for OSXStandalone target not found
Refreshing native plugins compatible for Editor in 0.35 ms, found 2 plugins.
Preloading 0 native plugins for Editor in 0.00 ms.
Mono: successfully reloaded assembly
- Completed reload, in  0.992 seconds
Platform modules already initialized, skipping
Refreshing native plugins compatible for Editor in 0.37 ms, found 2 plugins.
Preloading 0 native plugins for Editor in 0.00 ms.
Unloading 1827 Unused Serialized files (Serialized files now loaded: 0)
System memory in use before: 163.9 MB.
System memory in use after: 163.9 MB.

Unloading 12 unused Assets to reduce memory usage. Loaded Objects now: 2357.
Total: 2.023246 ms (FindLiveObjects: 0.213553 ms CreateObjectMapping: 0.060825 ms MarkObjects: 1.648706 ms  DeleteObjects: 0.099296 ms)

========================================================================
Received Prepare
Registering precompiled user dll's ...
Registered in 0.002028 seconds.
Begin MonoManager ReloadAssembly
Native extension for OSXStandalone target not found
Refreshing native plugins compatible for Editor in 0.44 ms, found 2 plugins.
Preloading 0 native plugins for Editor in 0.00 ms.
Mono: successfully reloaded assembly
- Completed reload, in  1.269 seconds
Platform modules already initialized, skipping
Refreshing native plugins compatible for Editor in 0.45 ms, found 2 plugins.
Preloading 0 native plugins for Editor in 0.00 ms.
Unloading 1827 Unused Serialized files (Serialized files now loaded: 0)
System memory in use before: 164.1 MB.
System memory in use after: 164.1 MB.

Unloading 12 unused Assets to reduce memory usage. Loaded Objects now: 2361.
Total: 2.733105 ms (FindLiveObjects: 0.264604 ms CreateObjectMapping: 0.083488 ms MarkObjects: 2.241432 ms  DeleteObjects: 0.142077 ms)

========================================================================
Received Prepare
Registering precompiled user dll's ...
Registered in 0.000703 seconds.
Begin MonoManager ReloadAssembly
Native extension for OSXStandalone target not found
Refreshing native plugins compatible for Editor in 0.42 ms, found 2 plugins.
Preloading 0 native plugins for Editor in 0.00 ms.
Mono: successfully reloaded assembly
- Completed reload, in  1.159 seconds
Platform modules already initialized, skipping
Refreshing native plugins compatible for Editor in 0.46 ms, found 2 plugins.
Preloading 0 native plugins for Editor in 0.00 ms.
Unloading 1827 Unused Serialized files (Serialized files now loaded: 0)
System memory in use before: 164.3 MB.
System memory in use after: 164.3 MB.

Unloading 12 unused Assets to reduce memory usage. Loaded Objects now: 2365.
Total: 2.891411 ms (FindLiveObjects: 0.267998 ms CreateObjectMapping: 0.079123 ms MarkObjects: 2.371791 ms  DeleteObjects: 0.170839 ms)

========================================================================
Received Prepare
Registering precompiled user dll's ...
Registered in 0.000750 seconds.
Begin MonoManager ReloadAssembly
Native extension for OSXStandalone target not found
Refreshing native plugins compatible for Editor in 0.41 ms, found 2 plugins.
Preloading 0 native plugins for Editor in 0.00 ms.
Mono: successfully reloaded assembly
- Completed reload, in  1.283 seconds
Platform modules already initialized, skipping
Refreshing native plugins compatible for Editor in 0.45 ms, found 2 plugins.
Preloading 0 native plugins for Editor in 0.00 ms.
Unloading 1827 Unused Serialized files (Serialized files now loaded: 0)
System memory in use before: 164.6 MB.
System memory in use after: 164.5 MB.

Unloading 12 unused Assets to reduce memory usage. Loaded Objects now: 2369.
Total: 2.616070 ms (FindLiveObjects: 0.284940 ms CreateObjectMapping: 0.094940 ms MarkObjects: 2.109153 ms  DeleteObjects: 0.125027 ms)

========================================================================
Received Prepare
Registering precompiled user dll's ...
Registered in 0.000707 seconds.
Begin MonoManager ReloadAssembly
Native extension for OSXStandalone target not found
Refreshing native plugins compatible for Editor in 0.42 ms, found 2 plugins.
Preloading 0 native plugins for Editor in 0.00 ms.
Mono: successfully reloaded assembly
- Completed reload, in  1.130 seconds
Platform modules already initialized, skipping
Refreshing native plugins compatible for Editor in 0.42 ms, found 2 plugins.
Preloading 0 native plugins for Editor in 0.00 ms.
Unloading 1827 Unused Serialized files (Serialized files now loaded: 0)
System memory in use before: 164.8 MB.
System memory in use after: 164.7 MB.

Unloading 12 unused Assets to reduce memory usage. Loaded Objects now: 2373.
Total: 2.366128 ms (FindLiveObjects: 0.231075 ms CreateObjectMapping: 0.066037 ms MarkObjects: 1.961561 ms  DeleteObjects: 0.106308 ms)

========================================================================
Received Prepare
Registering precompiled user dll's ...
Registered in 0.000713 seconds.
Begin MonoManager ReloadAssembly
Native extension for OSXStandalone target not found
Refreshing native plugins compatible for Editor in 0.42 ms, found 2 plugins.
Preloading 0 native plugins for Editor in 0.00 ms.
Mono: successfully reloaded assembly
- Completed reload, in  1.278 seconds
Platform modules already initialized, skipping
Refreshing native plugins compatible for Editor in 0.40 ms, found 2 plugins.
Preloading 0 native plugins for Editor in 0.00 ms.
Unloading 1827 Unused Serialized files (Serialized files now loaded: 0)
System memory in use before: 165.0 MB.
System memory in use after: 165.0 MB.

Unloading 12 unused Assets to reduce memory usage. Loaded Objects now: 2377.
Total: 2.245177 ms (FindLiveObjects: 0.217119 ms CreateObjectMapping: 0.070790 ms MarkObjects: 1.843495 ms  DeleteObjects: 0.110968 ms)

========================================================================
Received Prepare
Registering precompiled user dll's ...
Registered in 0.000752 seconds.
Begin MonoManager ReloadAssembly
Native extension for OSXStandalone target not found
Refreshing native plugins compatible for Editor in 0.43 ms, found 2 plugins.
Preloading 0 native plugins for Editor in 0.00 ms.
Mono: successfully reloaded assembly
- Completed reload, in  1.252 seconds
Platform modules already initialized, skipping
Refreshing native plugins compatible for Editor in 0.39 ms, found 2 plugins.
Preloading 0 native plugins for Editor in 0.00 ms.
Unloading 1827 Unused Serialized files (Serialized files now loaded: 0)
System memory in use before: 165.2 MB.
System memory in use after: 165.2 MB.

Unloading 12 unused Assets to reduce memory usage. Loaded Objects now: 2381.
Total: 2.670878 ms (FindLiveObjects: 0.288324 ms CreateObjectMapping: 0.097234 ms MarkObjects: 2.129830 ms  DeleteObjects: 0.153720 ms)

========================================================================
Received Prepare
Registering precompiled user dll's ...
Registered in 0.001177 seconds.
Begin MonoManager ReloadAssembly
Native extension for OSXStandalone target not found
Refreshing native plugins compatible for Editor in 0.83 ms, found 2 plugins.
Preloading 0 native plugins for Editor in 0.00 ms.
Mono: successfully reloaded assembly
- Completed reload, in  2.317 seconds
Platform modules already initialized, skipping
Refreshing native plugins compatible for Editor in 0.65 ms, found 2 plugins.
Preloading 0 native plugins for Editor in 0.00 ms.
Unloading 1827 Unused Serialized files (Serialized files now loaded: 0)
System memory in use before: 165.4 MB.
System memory in use after: 165.3 MB.

Unloading 12 unused Assets to reduce memory usage. Loaded Objects now: 2385.
Total: 4.068908 ms (FindLiveObjects: 0.383049 ms CreateObjectMapping: 0.130828 ms MarkObjects: 3.355326 ms  DeleteObjects: 0.197260 ms)

========================================================================
Received Prepare
Registering precompiled user dll's ...
Registered in 0.002061 seconds.
Begin MonoManager ReloadAssembly
Native extension for OSXStandalone target not found
Refreshing native plugins compatible for Editor in 0.96 ms, found 2 plugins.
Preloading 0 native plugins for Editor in 0.00 ms.
Mono: successfully reloaded assembly
- Completed reload, in  4.699 seconds
Platform modules already initialized, skipping
Refreshing native plugins compatible for Editor in 1.02 ms, found 2 plugins.
Preloading 0 native plugins for Editor in 0.00 ms.
Unloading 1827 Unused Serialized files (Serialized files now loaded: 0)
System memory in use before: 165.8 MB.
System memory in use after: 165.8 MB.

Unloading 12 unused Assets to reduce memory usage. Loaded Objects now: 2389.
Total: 9.376654 ms (FindLiveObjects: 0.662862 ms CreateObjectMapping: 0.422226 ms MarkObjects: 7.995435 ms  DeleteObjects: 0.291851 ms)

========================================================================
Received Prepare
Registering precompiled user dll's ...
Registered in 0.002391 seconds.
Begin MonoManager ReloadAssembly
Native extension for OSXStandalone target not found
Refreshing native plugins compatible for Editor in 1.04 ms, found 2 plugins.
Preloading 0 native plugins for Editor in 0.00 ms.
Mono: successfully reloaded assembly
- Completed reload, in  5.249 seconds
Platform modules already initialized, skipping
Refreshing native plugins compatible for Editor in 1.40 ms, found 2 plugins.
Preloading 0 native plugins for Editor in 0.00 ms.
Unloading 1827 Unused Serialized files (Serialized files now loaded: 0)
System memory in use before: 166.0 MB.
System memory in use after: 166.0 MB.

Unloading 12 unused Assets to reduce memory usage. Loaded Objects now: 2393.
Total: 7.586107 ms (FindLiveObjects: 0.667691 ms CreateObjectMapping: 0.284361 ms MarkObjects: 6.194412 ms  DeleteObjects: 0.435213 ms)

========================================================================
Received Prepare
Registering precompiled user dll's ...
Registered in 0.001100 seconds.
Begin MonoManager ReloadAssembly
Native extension for OSXStandalone target not found
Refreshing native plugins compatible for Editor in 0.63 ms, found 2 plugins.
Preloading 0 native plugins for Editor in 0.00 ms.
Mono: successfully reloaded assembly
- Completed reload, in  2.433 seconds
Platform modules already initialized, skipping
Refreshing native plugins compatible for Editor in 0.60 ms, found 2 plugins.
Preloading 0 native plugins for Editor in 0.00 ms.
Unloading 1827 Unused Serialized files (Serialized files now loaded: 0)
System memory in use before: 166.2 MB.
System memory in use after: 166.2 MB.

Unloading 12 unused Assets to reduce memory usage. Loaded Objects now: 2397.
Total: 3.956490 ms (FindLiveObjects: 0.362674 ms CreateObjectMapping: 0.126605 ms MarkObjects: 3.283023 ms  DeleteObjects: 0.181883 ms)

========================================================================
Received Prepare
Registering precompiled user dll's ...
Registered in 0.001926 seconds.
Begin MonoManager ReloadAssembly
Native extension for OSXStandalone target not found
Refreshing native plugins compatible for Editor in 0.93 ms, found 2 plugins.
Preloading 0 native plugins for Editor in 0.00 ms.
Mono: successfully reloaded assembly
- Completed reload, in  4.500 seconds
Platform modules already initialized, skipping
Refreshing native plugins compatible for Editor in 1.55 ms, found 2 plugins.
Preloading 0 native plugins for Editor in 0.00 ms.
Unloading 1827 Unused Serialized files (Serialized files now loaded: 0)
System memory in use before: 166.4 MB.
System memory in use after: 166.4 MB.

Unloading 12 unused Assets to reduce memory usage. Loaded Objects now: 2401.
Total: 8.348126 ms (FindLiveObjects: 0.787352 ms CreateObjectMapping: 0.290199 ms MarkObjects: 6.955923 ms  DeleteObjects: 0.310629 ms)

========================================================================
Received Prepare
Registering precompiled user dll's ...
Registered in 0.001536 seconds.
Begin MonoManager ReloadAssembly
Native extension for OSXStandalone target not found
Refreshing native plugins compatible for Editor in 1.17 ms, found 2 plugins.
Preloading 0 native plugins for Editor in 0.00 ms.
Mono: successfully reloaded assembly
- Completed reload, in  3.312 seconds
Platform modules already initialized, skipping
Refreshing native plugins compatible for Editor in 0.76 ms, found 2 plugins.
Preloading 0 native plugins for Editor in 0.00 ms.
Unloading 1827 Unused Serialized files (Serialized files now loaded: 0)
System memory in use before: 166.6 MB.
System memory in use after: 166.6 MB.

Unloading 12 unused Assets to reduce memory usage. Loaded Objects now: 2405.
Total: 5.757928 ms (FindLiveObjects: 0.461440 ms CreateObjectMapping: 0.312640 ms MarkObjects: 4.740872 ms  DeleteObjects: 0.240099 ms)

========================================================================
Received Prepare
Registering precompiled user dll's ...
Registered in 0.001885 seconds.
Begin MonoManager ReloadAssembly
Native extension for OSXStandalone target not found
Refreshing native plugins compatible for Editor in 1.03 ms, found 2 plugins.
Preloading 0 native plugins for Editor in 0.00 ms.
Mono: successfully reloaded assembly
- Completed reload, in  9.024 seconds
Platform modules already initialized, skipping
Refreshing native plugins compatible for Editor in 1.77 ms, found 2 plugins.
Preloading 0 native plugins for Editor in 0.00 ms.
Unloading 1827 Unused Serialized files (Serialized files now loaded: 0)
System memory in use before: 166.8 MB.
System memory in use after: 166.7 MB.

Unloading 12 unused Assets to reduce memory usage. Loaded Objects now: 2409.
Total: 18.629652 ms (FindLiveObjects: 11.516736 ms CreateObjectMapping: 0.397497 ms MarkObjects: 6.287051 ms  DeleteObjects: 0.423843 ms)

========================================================================
Received Prepare
Registering precompiled user dll's ...
Registered in 0.001671 seconds.
Begin MonoManager ReloadAssembly
Native extension for OSXStandalone target not found
Refreshing native plugins compatible for Editor in 0.41 ms, found 2 plugins.
Preloading 0 native plugins for Editor in 0.00 ms.
Mono: successfully reloaded assembly
- Completed reload, in  1.332 seconds
Platform modules already initialized, skipping
Refreshing native plugins compatible for Editor in 0.36 ms, found 2 plugins.
Preloading 0 native plugins for Editor in 0.00 ms.
Unloading 1827 Unused Serialized files (Serialized files now loaded: 0)
System memory in use before: 167.0 MB.
System memory in use after: 167.0 MB.

Unloading 12 unused Assets to reduce memory usage. Loaded Objects now: 2413.
Total: 2.458746 ms (FindLiveObjects: 0.338921 ms CreateObjectMapping: 0.093347 ms MarkObjects: 1.881142 ms  DeleteObjects: 0.144045 ms)

========================================================================
Received Prepare
Registering precompiled user dll's ...
Registered in 0.000670 seconds.
Begin MonoManager ReloadAssembly
Native extension for OSXStandalone target not found
Refreshing native plugins compatible for Editor in 0.36 ms, found 2 plugins.
Preloading 0 native plugins for Editor in 0.00 ms.
Mono: successfully reloaded assembly
- Completed reload, in  1.041 seconds
Platform modules already initialized, skipping
Refreshing native plugins compatible for Editor in 0.45 ms, found 2 plugins.
Preloading 0 native plugins for Editor in 0.00 ms.
Unloading 1827 Unused Serialized files (Serialized files now loaded: 0)
System memory in use before: 167.2 MB.
System memory in use after: 167.2 MB.

Unloading 12 unused Assets to reduce memory usage. Loaded Objects now: 2417.
Total: 2.223960 ms (FindLiveObjects: 0.241216 ms CreateObjectMapping: 0.073625 ms MarkObjects: 1.806154 ms  DeleteObjects: 0.102042 ms)

========================================================================
Received Prepare
Registering precompiled user dll's ...
Registered in 0.000695 seconds.
Begin MonoManager ReloadAssembly
Native extension for OSXStandalone target not found
Refreshing native plugins compatible for Editor in 0.33 ms, found 2 plugins.
Preloading 0 native plugins for Editor in 0.00 ms.
Mono: successfully reloaded assembly
- Completed reload, in  0.940 seconds
Platform modules already initialized, skipping
Refreshing native plugins compatible for Editor in 0.36 ms, found 2 plugins.
Preloading 0 native plugins for Editor in 0.00 ms.
Unloading 1827 Unused Serialized files (Serialized files now loaded: 0)
System memory in use before: 167.4 MB.
System memory in use after: 167.4 MB.

Unloading 12 unused Assets to reduce memory usage. Loaded Objects now: 2421.
Total: 2.282187 ms (FindLiveObjects: 0.282713 ms CreateObjectMapping: 0.086641 ms MarkObjects: 1.800886 ms  DeleteObjects: 0.110269 ms)

========================================================================
Received Prepare
Registering precompiled user dll's ...
Registered in 0.000598 seconds.
Begin MonoManager ReloadAssembly
Native extension for OSXStandalone target not found
Refreshing native plugins compatible for Editor in 0.34 ms, found 2 plugins.
Preloading 0 native plugins for Editor in 0.00 ms.
Mono: successfully reloaded assembly
- Completed reload, in  1.001 seconds
Platform modules already initialized, skipping
Refreshing native plugins compatible for Editor in 0.37 ms, found 2 plugins.
Preloading 0 native plugins for Editor in 0.00 ms.
Unloading 1827 Unused Serialized files (Serialized files now loaded: 0)
System memory in use before: 167.6 MB.
System memory in use after: 167.6 MB.

Unloading 12 unused Assets to reduce memory usage. Loaded Objects now: 2425.
Total: 2.441800 ms (FindLiveObjects: 0.326878 ms CreateObjectMapping: 0.120355 ms MarkObjects: 1.878781 ms  DeleteObjects: 0.114148 ms)

========================================================================
Received Prepare
Registering precompiled user dll's ...
Registered in 0.000705 seconds.
Begin MonoManager ReloadAssembly
Native extension for OSXStandalone target not found
Refreshing native plugins compatible for Editor in 0.36 ms, found 2 plugins.
Preloading 0 native plugins for Editor in 0.00 ms.
Mono: successfully reloaded assembly
- Completed reload, in  1.022 seconds
Platform modules already initialized, skipping
Refreshing native plugins compatible for Editor in 0.38 ms, found 2 plugins.
Preloading 0 native plugins for Editor in 0.00 ms.
Unloading 1827 Unused Serialized files (Serialized files now loaded: 0)
System memory in use before: 167.8 MB.
System memory in use after: 167.8 MB.

Unloading 12 unused Assets to reduce memory usage. Loaded Objects now: 2429.
Total: 2.387708 ms (FindLiveObjects: 0.293436 ms CreateObjectMapping: 0.097180 ms MarkObjects: 1.884108 ms  DeleteObjects: 0.111937 ms)

========================================================================
Received Prepare
Registering precompiled user dll's ...
Registered in 0.001054 seconds.
Begin MonoManager ReloadAssembly
Native extension for OSXStandalone target not found
Refreshing native plugins compatible for Editor in 0.57 ms, found 2 plugins.
Preloading 0 native plugins for Editor in 0.00 ms.
Mono: successfully reloaded assembly
- Completed reload, in  1.244 seconds
Platform modules already initialized, skipping
Refreshing native plugins compatible for Editor in 0.45 ms, found 2 plugins.
Preloading 0 native plugins for Editor in 0.00 ms.
Unloading 1827 Unused Serialized files (Serialized files now loaded: 0)
System memory in use before: 168.0 MB.
System memory in use after: 168.0 MB.

Unloading 12 unused Assets to reduce memory usage. Loaded Objects now: 2433.
Total: 3.148513 ms (FindLiveObjects: 0.349490 ms CreateObjectMapping: 0.096201 ms MarkObjects: 2.542508 ms  DeleteObjects: 0.157533 ms)

========================================================================
Received Prepare
Registering precompiled user dll's ...
Registered in 0.000727 seconds.
Begin MonoManager ReloadAssembly
Native extension for OSXStandalone target not found
Refreshing native plugins compatible for Editor in 0.45 ms, found 2 plugins.
Preloading 0 native plugins for Editor in 0.00 ms.
Mono: successfully reloaded assembly
- Completed reload, in  1.305 seconds
Platform modules already initialized, skipping
Refreshing native plugins compatible for Editor in 0.44 ms, found 2 plugins.
Preloading 0 native plugins for Editor in 0.00 ms.
Unloading 1827 Unused Serialized files (Serialized files now loaded: 0)
System memory in use before: 168.2 MB.
System memory in use after: 168.2 MB.

Unloading 12 unused Assets to reduce memory usage. Loaded Objects now: 2437.
Total: 2.765456 ms (FindLiveObjects: 0.395270 ms CreateObjectMapping: 0.084971 ms MarkObjects: 2.152796 ms  DeleteObjects: 0.129931 ms)

========================================================================
Received Prepare
Registering precompiled user dll's ...
Registered in 0.000508 seconds.
Begin MonoManager ReloadAssembly
Native extension for OSXStandalone target not found
Refreshing native plugins compatible for Editor in 0.35 ms, found 2 plugins.
Preloading 0 native plugins for Editor in 0.00 ms.
Mono: successfully reloaded assembly
- Completed reload, in  0.889 seconds
Platform modules already initialized, skipping
Refreshing native plugins compatible for Editor in 0.30 ms, found 2 plugins.
Preloading 0 native plugins for Editor in 0.00 ms.
Unloading 1827 Unused Serialized files (Serialized files now loaded: 0)
System memory in use before: 168.4 MB.
System memory in use after: 168.4 MB.

Unloading 12 unused Assets to reduce memory usage. Loaded Objects now: 2441.
Total: 2.210654 ms (FindLiveObjects: 0.228416 ms CreateObjectMapping: 0.066948 ms MarkObjects: 1.799888 ms  DeleteObjects: 0.114044 ms)

========================================================================
Received Prepare
Registering precompiled user dll's ...
Registered in 0.000600 seconds.
Begin MonoManager ReloadAssembly
Native extension for OSXStandalone target not found
Refreshing native plugins compatible for Editor in 0.34 ms, found 2 plugins.
Preloading 0 native plugins for Editor in 0.00 ms.
Mono: successfully reloaded assembly
- Completed reload, in  0.833 seconds
Platform modules already initialized, skipping
Refreshing native plugins compatible for Editor in 0.32 ms, found 2 plugins.
Preloading 0 native plugins for Editor in 0.00 ms.
Unloading 1827 Unused Serialized files (Serialized files now loaded: 0)
System memory in use before: 168.6 MB.
System memory in use after: 168.6 MB.

Unloading 12 unused Assets to reduce memory usage. Loaded Objects now: 2445.
Total: 2.520470 ms (FindLiveObjects: 0.304910 ms CreateObjectMapping: 0.101126 ms MarkObjects: 1.996306 ms  DeleteObjects: 0.117225 ms)

========================================================================
Received Prepare
Registering precompiled user dll's ...
Registered in 0.000557 seconds.
Begin MonoManager ReloadAssembly
Native extension for OSXStandalone target not found
Refreshing native plugins compatible for Editor in 0.33 ms, found 2 plugins.
Preloading 0 native plugins for Editor in 0.00 ms.
Mono: successfully reloaded assembly
- Completed reload, in  0.900 seconds
Platform modules already initialized, skipping
Refreshing native plugins compatible for Editor in 0.29 ms, found 2 plugins.
Preloading 0 native plugins for Editor in 0.00 ms.
Unloading 1827 Unused Serialized files (Serialized files now loaded: 0)
System memory in use before: 168.8 MB.
System memory in use after: 168.8 MB.

Unloading 12 unused Assets to reduce memory usage. Loaded Objects now: 2449.
Total: 2.016614 ms (FindLiveObjects: 0.231649 ms CreateObjectMapping: 0.064445 ms MarkObjects: 1.617300 ms  DeleteObjects: 0.101965 ms)

========================================================================
Received Prepare
Registering precompiled user dll's ...
Registered in 0.000387 seconds.
Begin MonoManager ReloadAssembly
Native extension for OSXStandalone target not found
Refreshing native plugins compatible for Editor in 0.37 ms, found 2 plugins.
Preloading 0 native plugins for Editor in 0.00 ms.
Mono: successfully reloaded assembly
- Completed reload, in  0.822 seconds
Platform modules already initialized, skipping
Refreshing native plugins compatible for Editor in 0.27 ms, found 2 plugins.
Preloading 0 native plugins for Editor in 0.00 ms.
Unloading 1827 Unused Serialized files (Serialized files now loaded: 0)
System memory in use before: 169.0 MB.
System memory in use after: 169.0 MB.

Unloading 12 unused Assets to reduce memory usage. Loaded Objects now: 2453.
Total: 2.321764 ms (FindLiveObjects: 0.251088 ms CreateObjectMapping: 0.078127 ms MarkObjects: 1.878748 ms  DeleteObjects: 0.112258 ms)

AssetImportWorkerClient::OnTransportError - code=2 error=End of file
